Mon Jan 25 09:08:38 CST 2021  [debug] AvalonLogSystem initialized using logfile 'C:\Users\Administrator\Desktop\web5\.metadata\.plugins\com.genuitec.eclipse.templates\velocity.log'
Mon Jan 25 09:08:38 CST 2021   [info] ************************************************************** 
Mon Jan 25 09:08:38 CST 2021   [info] Starting Jakarta Velocity v1.4
Mon Jan 25 09:08:38 CST 2021   [info] RuntimeInstance initializing.
Mon Jan 25 09:08:38 CST 2021   [info] Default Properties File: org\apache\velocity\runtime\defaults\velocity.properties
Mon Jan 25 09:08:38 CST 2021   [info] Trying to use logger class org.apache.velocity.runtime.log.AvalonLogSystem
Mon Jan 25 09:08:38 CST 2021   [info] Using logger class org.apache.velocity.runtime.log.AvalonLogSystem
Mon Jan 25 09:08:38 CST 2021   [info] Default ResourceManager initializing. (class org.apache.velocity.runtime.resource.ResourceManagerImpl)
Mon Jan 25 09:08:38 CST 2021   [info] Resource Loader Instantiated: com.genuitec.eclipse.templates.internal.PluginResourceLoader
Mon Jan 25 09:08:38 CST 2021   [info] ResourceCache : initialized. (class org.apache.velocity.runtime.resource.ResourceCacheImpl)
Mon Jan 25 09:08:38 CST 2021   [info] Default ResourceManager initialization complete.
Mon Jan 25 09:08:38 CST 2021   [info] Loaded System Directive: org.apache.velocity.runtime.directive.Literal
Mon Jan 25 09:08:38 CST 2021   [info] Loaded System Directive: org.apache.velocity.runtime.directive.Macro
Mon Jan 25 09:08:38 CST 2021   [info] Loaded System Directive: org.apache.velocity.runtime.directive.Parse
Mon Jan 25 09:08:38 CST 2021   [info] Loaded System Directive: org.apache.velocity.runtime.directive.Include
Mon Jan 25 09:08:38 CST 2021   [info] Loaded System Directive: org.apache.velocity.runtime.directive.Foreach
Mon Jan 25 09:08:38 CST 2021   [info] Created: 20 parsers.
Mon Jan 25 09:08:38 CST 2021   [info] Velocimacro : initialization starting.
Mon Jan 25 09:08:38 CST 2021   [info] Velocimacro : adding VMs from VM library template : VM_global_library.vm
Mon Jan 25 09:08:38 CST 2021   [info] ResourceManager : found VM_global_library.vm with loader com.genuitec.eclipse.templates.internal.PluginResourceLoader
Mon Jan 25 09:08:38 CST 2021   [info] Velocimacro :  VM library template macro registration complete.
Mon Jan 25 09:08:38 CST 2021   [info] Velocimacro : allowInline = true : VMs can be defined inline in templates
Mon Jan 25 09:08:38 CST 2021   [info] Velocimacro : allowInlineToOverride = true : VMs defined inline may replace previous VM definitions
Mon Jan 25 09:08:38 CST 2021   [info] Velocimacro : allowInlineLocal = true : VMs defined inline will be local to their defining template only.
Mon Jan 25 09:08:38 CST 2021   [info] Velocimacro : messages on  : VM system will output logging messages
Mon Jan 25 09:08:38 CST 2021   [info] Velocimacro : autoload off  : VM system will not automatically reload global library macros
Mon Jan 25 09:08:38 CST 2021   [info] Velocimacro : initialization complete.
Mon Jan 25 09:08:38 CST 2021   [info] Velocity successfully started.
Mon Jan 25 09:08:38 CST 2021   [info] ResourceManager : found templates/web.xml.vm with loader com.genuitec.eclipse.templates.internal.PluginResourceLoader
Mon Jan 25 09:08:38 CST 2021   [info] ResourceManager : found /templates/velocity/welcome/Jsp.vtl with loader com.genuitec.eclipse.templates.internal.PluginResourceLoader
Mon Jan 25 10:12:49 CST 2021   [info] ResourceManager : found templates/jsp/Jsp.vtl with loader com.genuitec.eclipse.templates.internal.PluginResourceLoader
Mon Jan 25 10:12:49 CST 2021   [info] ResourceManager : found templates/jsp/JSPMetaTags.vtl with loader com.genuitec.eclipse.templates.internal.PluginResourceLoader
Mon Jan 25 10:45:12 CST 2021   [info] ResourceManager : found templates/jsp/Jsp.vtl with loader com.genuitec.eclipse.templates.internal.PluginResourceLoader
Mon Jan 25 10:45:12 CST 2021   [info] ResourceManager : found templates/jsp/JSPMetaTags.vtl with loader com.genuitec.eclipse.templates.internal.PluginResourceLoader
Mon Jan 25 10:53:34 CST 2021   [info] ResourceManager : found templates/jsp/Jsp.vtl with loader com.genuitec.eclipse.templates.internal.PluginResourceLoader
Mon Jan 25 10:53:34 CST 2021   [info] ResourceManager : found templates/jsp/JSPMetaTags.vtl with loader com.genuitec.eclipse.templates.internal.PluginResourceLoader
